<?xml version="1.0" encoding="UTF-8"?>
<testsuite name="com.sparta.week06.model.ProductTest" tests="1" skipped="0" failures="0" errors="0" timestamp="2021-10-05T04:06:03" hostname="soohyun-MacBookPro.local" time="0.026">
  <properties/>
  <testcase name="정상 케이스" classname="com.sparta.week06.model.ProductTest" time="0.026"/>
  <system-out><![CDATA[]]></system-out>
  <system-err><![CDATA[]]></system-err>
</testsuite>
